++ sdl-config --libs
+ SDL='-L/usr/lib64 -Wl,-rpath,/usr/lib64 -lSDL -lpthread'
+ SDL='-L/usr/lib64 -Wl,-rpath,/usr/lib64 -lSDL -lpthread -lSDL_image -lSDL_gfx -lSDL_ttf'
+ cc -g -O0 -o eric eric.c -lm -lmint-debug -L/usr/lib64 -Wl,-rpath,/usr/lib64 -lSDL -lpthread -lSDL_image -lSDL_gfx -lSDL_ttf
+ ls -lh eric
-rwxr-xr-x 1 stefano users 242K Oct 28 23:23 eric
+ cat arc/brain.arc
+ cat arc/eye.arc
+ cat arc/motors.arc
+ cat arc/reflexes.arc
+ cat arc/exploration.arc
+ set +e
+ stty -icanon min 1
+ ERIC_PID=14424
+ ./eric
+ VOLTMON_PID=14425
+ wait 14424
+ ./voltmon.sh 14424
./run.sh: line 30: ./voltmon.sh: Permission denied
Letting the camera automaticaly adjust the picture:..........mint_camera_close: removing '/tmp/mint-camera-14424'
mint_camera_close: stopping camshot (pid=14426)
0.000000
+ kill 14425
./run.sh: licat: /tmp/mint-camera-3649: No such file or directory
]'
+ killall camshot
+ stty cooked
